<testsuites id="" name="" tests="7" failures="1" skipped="0" errors="0" time="10.102186">
<testsuite name="simple-hero-check.spec.ts" timestamp="2025-09-01T10:56:48.108Z" hostname="chromium" tests="1" failures="0" skipped="0" time="7.19" errors="0">
<testcase name="Simple Hero Section Check › Navigate and inspect hero section" classname="simple-hero-check.spec.ts" time="7.19">
<system-out>
<![CDATA[✅ Found hero section with selector: main section:first-child
🔍 Checking for statistics in hero section:
   12K+: ✅ visible
   Выпускников: ✅ visible
   12K+ position: x=304, y=821, h=30
   25+: ✅ visible
   Стран трудоустройства: ❌ visible
   25+ position: x=474.6640625, y=821, h=30
   87%: ✅ visible
   Успешное трудоустройство: ❌ visible
   87% position: x=645.328125, y=821, h=30
📏 Hero section dimensions:
   Width: 1920px
   Height: 1059px
   Top: 0px
   Bottom: 1059px
]]>
</system-out>
</testcase>
</testsuite>
<testsuite name="simple-hero-check.spec.ts" timestamp="2025-09-01T10:56:48.108Z" hostname="firefox" tests="1" failures="0" skipped="0" time="6.828" errors="0">
<testcase name="Simple Hero Section Check › Navigate and inspect hero section" classname="simple-hero-check.spec.ts" time="6.828">
<system-out>
<![CDATA[✅ Found hero section with selector: main section:first-child
🔍 Checking for statistics in hero section:
   12K+: ✅ visible
   Выпускников: ✅ visible
   12K+ position: x=304, y=821, h=30
   25+: ✅ visible
   Стран трудоустройства: ❌ visible
   25+ position: x=474.6666564941406, y=821, h=30
   87%: ✅ visible
   Успешное трудоустройство: ❌ visible
   87% position: x=645.3333129882812, y=821, h=30
📏 Hero section dimensions:
   Width: 1920px
   Height: 1059px
   Top: 0px
   Bottom: 1059px
]]>
</system-out>
</testcase>
</testsuite>
<testsuite name="simple-hero-check.spec.ts" timestamp="2025-09-01T10:56:48.108Z" hostname="webkit" tests="1" failures="0" skipped="0" time="6.451" errors="0">
<testcase name="Simple Hero Section Check › Navigate and inspect hero section" classname="simple-hero-check.spec.ts" time="6.451">
<system-out>
<![CDATA[✅ Found hero section with selector: main section:first-child
🔍 Checking for statistics in hero section:
   12K+: ✅ visible
   Выпускников: ✅ visible
   12K+ position: x=304, y=821, h=30
   25+: ✅ visible
   Стран трудоустройства: ❌ visible
   25+ position: x=474.65625, y=821, h=30
   87%: ✅ visible
   Успешное трудоустройство: ❌ visible
   87% position: x=645.328125, y=821, h=30
📏 Hero section dimensions:
   Width: 1920px
   Height: 1059px
   Top: 0px
   Bottom: 1059px
]]>
</system-out>
</testcase>
</testsuite>
<testsuite name="simple-hero-check.spec.ts" timestamp="2025-09-01T10:56:48.108Z" hostname="Mobile Chrome" tests="1" failures="0" skipped="0" time="7.101" errors="0">
<testcase name="Simple Hero Section Check › Navigate and inspect hero section" classname="simple-hero-check.spec.ts" time="7.101">
<system-out>
<![CDATA[✅ Found hero section with selector: main section:first-child
🔍 Checking for statistics in hero section:
   12K+: ✅ visible
   Выпускников: ✅ visible
   12K+ position: x=32, y=627.390625, h=20
   25+: ✅ visible
   Стран трудоустройства: ❌ visible
   25+ position: x=152.328125, y=627.390625, h=20
   87%: ✅ visible
   Успешное трудоустройство: ❌ visible
   87% position: x=272.6640625, y=627.390625, h=20
📏 Hero section dimensions:
   Width: 393px
   Height: 781.390625px
   Top: 0px
   Bottom: 781.390625px
]]>
</system-out>
</testcase>
</testsuite>
<testsuite name="simple-hero-check.spec.ts" timestamp="2025-09-01T10:56:48.108Z" hostname="Mobile Safari" tests="1" failures="0" skipped="0" time="7.644" errors="0">
<testcase name="Simple Hero Section Check › Navigate and inspect hero section" classname="simple-hero-check.spec.ts" time="7.644">
<system-out>
<![CDATA[✅ Found hero section with selector: main section:first-child
🔍 Checking for statistics in hero section:
   12K+: ✅ visible
   Выпускников: ✅ visible
   12K+ position: x=32, y=627, h=20
   25+: ✅ visible
   Стран трудоустройства: ❌ visible
   25+ position: x=151.328125, y=627, h=20
   87%: ✅ visible
   Успешное трудоустройство: ❌ visible
   87% position: x=270.65625, y=627, h=20
📏 Hero section dimensions:
   Width: 390px
   Height: 781px
   Top: 0px
   Bottom: 781px
]]>
</system-out>
</testcase>
</testsuite>
<testsuite name="simple-hero-check.spec.ts" timestamp="2025-09-01T10:56:48.108Z" hostname="Microsoft Edge" tests="1" failures="1" skipped="0" time="0.001" errors="0">
<testcase name="Simple Hero Section Check › Navigate and inspect hero section" classname="simple-hero-check.spec.ts" time="0.001">
<failure message="simple-hero-check.spec.ts:4:7 Navigate and inspect hero section" type="FAILURE">
<![CDATA[  [Microsoft Edge] › simple-hero-check.spec.ts:4:7 › Simple Hero Section Check › Navigate and inspect hero section 

    Error: browserType.launch: Chromium distribution 'msedge' is not found at /Applications/Microsoft Edge.app/Contents/MacOS/Microsoft Edge
    Run "npx playwright install msedge"

    attachment #1: trace (application/zip) ─────────────────────────────────────────────────────────
    test-results/simple-hero-check-Simple-H-e176b-te-and-inspect-hero-section-Microsoft-Edge/trace.zip
    Usage:

        npx playwright show-trace test-results/simple-hero-check-Simple-H-e176b-te-and-inspect-hero-section-Microsoft-Edge/trace.zip

    ────────────────────────────────────────────────────────────────────────────────────────────────
]]>
</failure>
<system-out>
<![CDATA[
[[ATTACHMENT|../test-results/simple-hero-check-Simple-H-e176b-te-and-inspect-hero-section-Microsoft-Edge/trace.zip]]
]]>
</system-out>
</testcase>
</testsuite>
<testsuite name="simple-hero-check.spec.ts" timestamp="2025-09-01T10:56:48.108Z" hostname="Google Chrome" tests="1" failures="0" skipped="0" time="7.426" errors="0">
<testcase name="Simple Hero Section Check › Navigate and inspect hero section" classname="simple-hero-check.spec.ts" time="7.426">
<system-out>
<![CDATA[✅ Found hero section with selector: main section:first-child
🔍 Checking for statistics in hero section:
   12K+: ✅ visible
   Выпускников: ✅ visible
   12K+ position: x=304, y=821, h=30
   25+: ✅ visible
   Стран трудоустройства: ❌ visible
   25+ position: x=474.6640625, y=821, h=30
   87%: ✅ visible
   Успешное трудоустройство: ❌ visible
   87% position: x=645.328125, y=821, h=30
📏 Hero section dimensions:
   Width: 1920px
   Height: 1059px
   Top: 0px
   Bottom: 1059px
]]>
</system-out>
</testcase>
</testsuite>
</testsuites>